Determining if the pthread_create exist failed with the following output:
Change Dir: /home/nano/vision/build/CMakeFiles/CMakeTmp

Run Build Command:"/usr/bin/make" "cmTC_a7753/fast"
/usr/bin/make -f CMakeFiles/cmTC_a7753.dir/build.make CMakeFiles/cmTC_a7753.dir/build
make[1]: 进入目录“/home/nano/vision/build/CMakeFiles/CMakeTmp”
Building C object CMakeFiles/cmTC_a7753.dir/CheckSymbolExists.c.o
/usr/bin/cc    -o CMakeFiles/cmTC_a7753.dir/CheckSymbolExists.c.o   -c /home/nano/vision/build/CMakeFiles/CMakeTmp/CheckSymbolExists.c
Linking C executable cmTC_a7753
/usr/bin/cmake -E cmake_link_script CMakeFiles/cmTC_a7753.dir/link.txt --verbose=1
/usr/bin/cc      -rdynamic CMakeFiles/cmTC_a7753.dir/CheckSymbolExists.c.o  -o cmTC_a7753 
CMakeFiles/cmTC_a7753.dir/CheckSymbolExists.c.o：在函数‘main’中：
CheckSymbolExists.c:(.text+0x14)：对‘pthread_create’未定义的引用
CheckSymbolExists.c:(.text+0x18)：对‘pthread_create’未定义的引用
collect2: error: ld returned 1 exit status
CMakeFiles/cmTC_a7753.dir/build.make:97: recipe for target 'cmTC_a7753' failed
make[1]: *** [cmTC_a7753] Error 1
make[1]: 离开目录“/home/nano/vision/build/CMakeFiles/CMakeTmp”
Makefile:126: recipe for target 'cmTC_a7753/fast' failed
make: *** [cmTC_a7753/fast] Error 2

File /home/nano/vision/build/CMakeFiles/CMakeTmp/CheckSymbolExists.c:
/* */
#include <pthread.h>

int main(int argc, char** argv)
{
  (void)argv;
#ifndef pthread_create
  return ((int*)(&pthread_create))[argc];
#else
  (void)argc;
  return 0;
#endif
}

Determining if the function pthread_create exists in the pthreads failed with the following output:
Change Dir: /home/nano/vision/build/CMakeFiles/CMakeTmp

Run Build Command:"/usr/bin/make" "cmTC_6d27d/fast"
/usr/bin/make -f CMakeFiles/cmTC_6d27d.dir/build.make CMakeFiles/cmTC_6d27d.dir/build
make[1]: 进入目录“/home/nano/vision/build/CMakeFiles/CMakeTmp”
Building C object CMakeFiles/cmTC_6d27d.dir/CheckFunctionExists.c.o
/usr/bin/cc   -DCHECK_FUNCTION_EXISTS=pthread_create   -o CMakeFiles/cmTC_6d27d.dir/CheckFunctionExists.c.o   -c /usr/share/cmake-3.10/Modules/CheckFunctionExists.c
Linking C executable cmTC_6d27d
/usr/bin/cmake -E cmake_link_script CMakeFiles/cmTC_6d27d.dir/link.txt --verbose=1
/usr/bin/cc  -DCHECK_FUNCTION_EXISTS=pthread_create    -rdynamic CMakeFiles/cmTC_6d27d.dir/CheckFunctionExists.c.o  -o cmTC_6d27d -lpthreads 
/usr/bin/ld: 找不到 -lpthreads
collect2: error: ld returned 1 exit status
CMakeFiles/cmTC_6d27d.dir/build.make:97: recipe for target 'cmTC_6d27d' failed
make[1]: *** [cmTC_6d27d] Error 1
make[1]: 离开目录“/home/nano/vision/build/CMakeFiles/CMakeTmp”
Makefile:126: recipe for target 'cmTC_6d27d/fast' failed
make: *** [cmTC_6d27d/fast] Error 2


